  [1m[35m (535.5ms)[0m  [1m[35mCREATE DATABASE "library_development" ENCODING = 'unicode'[0m
  ↳ bin/rails:9
  [1m[35m (440.4ms)[0m  [1m[35mCREATE DATABASE "library_test" ENCODING = 'unicode'[0m
  ↳ bin/rails:9
  [1m[35m (57.6ms)[0m  [1m[35mCREATE TABLE "schema_migrations" ("version" character varying NOT NULL PRIMARY KEY)[0m
  ↳ bin/rails:9
  [1m[35m (46.0ms)[0m  [1m[35mCREATE TABLE "ar_internal_metadata" ("key" character varying NOT NULL PRIMARY KEY, "value" character varying, "created_at" timestamp NOT NULL, "updated_at" timestamp NOT NULL)[0m
  ↳ bin/rails:9
  [1m[35m (1.1ms)[0m  [1m[34mSELECT pg_try_advisory_lock(5288427128707212630)[0m
  ↳ bin/rails:9
  [1m[35m (0.8ms)[0m  [1m[34mSELECT "schema_migrations"."version" FROM "schema_migrations" ORDER BY "schema_migrations"."version" ASC[0m
  ↳ bin/rails:9
Migrating to CreateBook (20190128164528)
  [1m[35m (0.2ms)[0m  [1m[35mBEGIN[0m
  ↳ bin/rails:9
  [1m[35m (39.5ms)[0m  [1m[35mCREATE TABLE "books" ("id" bigserial primary key, "title" character varying NOT NULL, "author" character varying NOT NULL, "year" integer, "category" character varying, "description" character varying, "created_at" timestamp NOT NULL, "updated_at" timestamp NOT NULL)[0m
  ↳ db/migrate/20190128164528_create_book.rb:3
  [1m[36mActiveRecord::SchemaMigration Create (0.9ms)[0m  [1m[32mINSERT INTO "schema_migrations" ("version") VALUES ($1) RETURNING "version"[0m  [["version", "20190128164528"]]
  ↳ bin/rails:9
  [1m[35m (0.6ms)[0m  [1m[35mCOMMIT[0m
  ↳ bin/rails:9
  [1m[36mActiveRecord::InternalMetadata Load (0.4ms)[0m  [1m[34mSELECT  "ar_internal_metadata".* FROM "ar_internal_metadata" WHERE "ar_internal_metadata"."key" = $1 LIMIT $2[0m  [["key", "environment"], ["LIMIT", 1]]
  ↳ bin/rails:9
  [1m[35m (0.2ms)[0m  [1m[35mBEGIN[0m
  ↳ bin/rails:9
  [1m[36mActiveRecord::InternalMetadata Create (43.4ms)[0m  [1m[32mINSERT INTO "ar_internal_metadata" ("key", "value", "created_at", "updated_at") VALUES ($1, $2, $3, $4) RETURNING "key"[0m  [["key", "environment"], ["value", "development"], ["created_at", "2019-01-28 16:46:42.301578"], ["updated_at", "2019-01-28 16:46:42.301578"]]
  ↳ bin/rails:9
  [1m[35m (0.5ms)[0m  [1m[35mCOMMIT[0m
  ↳ bin/rails:9
  [1m[35m (0.3ms)[0m  [1m[34mSELECT pg_advisory_unlock(5288427128707212630)[0m
  ↳ bin/rails:9
  [1m[35m (0.8ms)[0m  [1m[34mSELECT "schema_migrations"."version" FROM "schema_migrations" ORDER BY "schema_migrations"."version" ASC[0m
  ↳ bin/rails:9
Started GET "/" for 127.0.0.1 at 2019-01-28 08:47:26 -0800
  [1m[35m (0.9ms)[0m  [1m[34mSELECT "schema_migrations"."version" FROM "schema_migrations" ORDER BY "schema_migrations"."version" ASC[0m
  ↳ /Users/jameshawkins/.rvm/gems/ruby-2.5.1/gems/activerecord-5.2.2/lib/active_record/log_subscriber.rb:98

ActiveRecord::PendingMigrationError - Migrations are pending. To resolve this issue, run:

        bin/rails db:migrate RAILS_ENV=development

:

Started POST "/__better_errors/d285c8a346090eef/variables" for 127.0.0.1 at 2019-01-28 08:47:27 -0800
  [1m[35m (0.2ms)[0m  [1m[34mSELECT pg_try_advisory_lock(5288427128707212630)[0m
  ↳ bin/rails:9
  [1m[35m (0.7ms)[0m  [1m[34mSELECT "schema_migrations"."version" FROM "schema_migrations" ORDER BY "schema_migrations"."version" ASC[0m
  ↳ bin/rails:9
Migrating to CreateBooks (20190128164651)
  [1m[35m (0.1ms)[0m  [1m[35mBEGIN[0m
  ↳ bin/rails:9
  [1m[35m (44.5ms)[0m  [1m[35mCREATE TABLE "books" ("id" bigserial primary key, "created_at" timestamp NOT NULL, "updated_at" timestamp NOT NULL)[0m
  ↳ db/migrate/20190128164651_create_books.rb:3
  [1m[35m (0.1ms)[0m  [1m[31mROLLBACK[0m
  ↳ bin/rails:9
  [1m[35m (0.2ms)[0m  [1m[34mSELECT pg_advisory_unlock(5288427128707212630)[0m
  ↳ bin/rails:9
Started GET "/" for 127.0.0.1 at 2019-01-28 08:47:39 -0800
  [1m[35m (0.4ms)[0m  [1m[34mSELECT "schema_migrations"."version" FROM "schema_migrations" ORDER BY "schema_migrations"."version" ASC[0m
  ↳ /Users/jameshawkins/.rvm/gems/ruby-2.5.1/gems/activerecord-5.2.2/lib/active_record/log_subscriber.rb:98

ActiveRecord::PendingMigrationError - Migrations are pending. To resolve this issue, run:

        bin/rails db:migrate RAILS_ENV=development

:

Started POST "/__better_errors/fa398cbf4a1c8f38/variables" for 127.0.0.1 at 2019-01-28 08:47:39 -0800
  [1m[35m (0.2ms)[0m  [1m[34mSELECT pg_try_advisory_lock(5288427128707212630)[0m
  ↳ bin/rails:9
  [1m[35m (0.8ms)[0m  [1m[34mSELECT "schema_migrations"."version" FROM "schema_migrations" ORDER BY "schema_migrations"."version" ASC[0m
  ↳ bin/rails:9
Migrating to CreateBooks (20190128164651)
  [1m[35m (0.1ms)[0m  [1m[35mBEGIN[0m
  ↳ bin/rails:9
  [1m[35m (8.6ms)[0m  [1m[35mCREATE TABLE "books" ("id" bigserial primary key, "created_at" timestamp NOT NULL, "updated_at" timestamp NOT NULL)[0m
  ↳ db/migrate/20190128164651_create_books.rb:3
  [1m[35m (0.1ms)[0m  [1m[31mROLLBACK[0m
  ↳ bin/rails:9
  [1m[35m (0.2ms)[0m  [1m[34mSELECT pg_advisory_unlock(5288427128707212630)[0m
  ↳ bin/rails:9
Started GET "/" for 127.0.0.1 at 2019-01-28 08:48:02 -0800
  [1m[35m (0.5ms)[0m  [1m[34mSELECT "schema_migrations"."version" FROM "schema_migrations" ORDER BY "schema_migrations"."version" ASC[0m
  ↳ /Users/jameshawkins/.rvm/gems/ruby-2.5.1/gems/activerecord-5.2.2/lib/active_record/log_subscriber.rb:98

ActiveRecord::PendingMigrationError - Migrations are pending. To resolve this issue, run:

        bin/rails db:migrate RAILS_ENV=development

:

Started POST "/__better_errors/ad82b6299ee2f525/variables" for 127.0.0.1 at 2019-01-28 08:48:02 -0800
Started GET "/" for 127.0.0.1 at 2019-01-28 08:48:04 -0800
  [1m[35m (0.3ms)[0m  [1m[34mSELECT "schema_migrations"."version" FROM "schema_migrations" ORDER BY "schema_migrations"."version" ASC[0m
  ↳ /Users/jameshawkins/.rvm/gems/ruby-2.5.1/gems/activerecord-5.2.2/lib/active_record/log_subscriber.rb:98

ActiveRecord::PendingMigrationError - Migrations are pending. To resolve this issue, run:

        bin/rails db:migrate RAILS_ENV=development

:

Started POST "/__better_errors/55ce0768bddbe400/variables" for 127.0.0.1 at 2019-01-28 08:48:04 -0800
  [1m[35m (0.8ms)[0m  [1m[34mSELECT "schema_migrations"."version" FROM "schema_migrations" ORDER BY "schema_migrations"."version" ASC[0m
  ↳ bin/rails:9
  [1m[35m (0.2ms)[0m  [1m[34mSELECT "schema_migrations"."version" FROM "schema_migrations" ORDER BY "schema_migrations"."version" ASC[0m
  ↳ bin/rails:9
  [1m[35m (0.2ms)[0m  [1m[34mSELECT "schema_migrations"."version" FROM "schema_migrations" ORDER BY "schema_migrations"."version" ASC[0m
  ↳ bin/rails:9
  [1m[35m (0.2ms)[0m  [1m[34mSELECT pg_try_advisory_lock(5288427128707212630)[0m
  ↳ bin/rails:9
  [1m[35m (0.2ms)[0m  [1m[34mSELECT "schema_migrations"."version" FROM "schema_migrations" ORDER BY "schema_migrations"."version" ASC[0m
  ↳ bin/rails:9
Migrating to CreateBook (20190128164528)
  [1m[35m (0.1ms)[0m  [1m[35mBEGIN[0m
  ↳ bin/rails:9
  [1m[35m (44.7ms)[0m  [1m[35mDROP TABLE "books"[0m
  ↳ bin/rails:9
  [1m[36mActiveRecord::SchemaMigration Destroy (0.7ms)[0m  [1m[31mDELETE FROM "schema_migrations" WHERE "schema_migrations"."version" = $1[0m  [["version", "20190128164528"]]
  ↳ bin/rails:9
  [1m[35m (3.6ms)[0m  [1m[35mCOMMIT[0m
  ↳ bin/rails:9
  [1m[35m (0.3ms)[0m  [1m[34mSELECT pg_advisory_unlock(5288427128707212630)[0m
  ↳ bin/rails:9
  [1m[35m (0.6ms)[0m  [1m[34mSELECT "schema_migrations"."version" FROM "schema_migrations" ORDER BY "schema_migrations"."version" ASC[0m
  ↳ bin/rails:9
  [1m[35m (0.8ms)[0m  [1m[34mSELECT "schema_migrations"."version" FROM "schema_migrations" ORDER BY "schema_migrations"."version" ASC[0m
  ↳ bin/rails:9
  [1m[35m (0.2ms)[0m  [1m[34mSELECT "schema_migrations"."version" FROM "schema_migrations" ORDER BY "schema_migrations"."version" ASC[0m
  ↳ bin/rails:9
  [1m[35m (0.2ms)[0m  [1m[34mSELECT pg_try_advisory_lock(5288427128707212630)[0m
  ↳ bin/rails:9
  [1m[35m (0.2ms)[0m  [1m[34mSELECT "schema_migrations"."version" FROM "schema_migrations" ORDER BY "schema_migrations"."version" ASC[0m
  ↳ bin/rails:9
  [1m[35m (0.2ms)[0m  [1m[34mSELECT pg_advisory_unlock(5288427128707212630)[0m
  ↳ bin/rails:9
  [1m[35m (0.2ms)[0m  [1m[34mSELECT "schema_migrations"."version" FROM "schema_migrations" ORDER BY "schema_migrations"."version" ASC[0m
  ↳ bin/rails:9
  [1m[35m (0.3ms)[0m  [1m[34mSELECT pg_try_advisory_lock(5288427128707212630)[0m
  ↳ bin/rails:9
  [1m[35m (0.7ms)[0m  [1m[34mSELECT "schema_migrations"."version" FROM "schema_migrations" ORDER BY "schema_migrations"."version" ASC[0m
  ↳ bin/rails:9
Migrating to CreateBooks (20190128164651)
  [1m[35m (0.1ms)[0m  [1m[35mBEGIN[0m
  ↳ bin/rails:9
  [1m[35m (48.9ms)[0m  [1m[35mCREATE TABLE "books" ("id" bigserial primary key, "title" character varying NOT NULL, "author" character varying NOT NULL, "year" integer, "category" character varying, "description" character varying, "created_at" timestamp NOT NULL, "updated_at" timestamp NOT NULL)[0m
  ↳ db/migrate/20190128164651_create_books.rb:3
  [1m[36mActiveRecord::SchemaMigration Create (0.4ms)[0m  [1m[32mINSERT INTO "schema_migrations" ("version") VALUES ($1) RETURNING "version"[0m  [["version", "20190128164651"]]
  ↳ bin/rails:9
  [1m[35m (0.6ms)[0m  [1m[35mCOMMIT[0m
  ↳ bin/rails:9
  [1m[36mActiveRecord::InternalMetadata Load (0.4ms)[0m  [1m[34mSELECT  "ar_internal_metadata".* FROM "ar_internal_metadata" WHERE "ar_internal_metadata"."key" = $1 LIMIT $2[0m  [["key", "environment"], ["LIMIT", 1]]
  ↳ bin/rails:9
  [1m[35m (0.1ms)[0m  [1m[35mBEGIN[0m
  ↳ bin/rails:9
  [1m[35m (0.1ms)[0m  [1m[35mCOMMIT[0m
  ↳ bin/rails:9
  [1m[35m (0.3ms)[0m  [1m[34mSELECT pg_advisory_unlock(5288427128707212630)[0m
  ↳ bin/rails:9
  [1m[35m (0.6ms)[0m  [1m[34mSELECT "schema_migrations"."version" FROM "schema_migrations" ORDER BY "schema_migrations"."version" ASC[0m
  ↳ bin/rails:9
Started GET "/" for 127.0.0.1 at 2019-01-28 08:49:44 -0800
  [1m[35m (0.3ms)[0m  [1m[34mSELECT "schema_migrations"."version" FROM "schema_migrations" ORDER BY "schema_migrations"."version" ASC[0m
  ↳ /Users/jameshawkins/.rvm/gems/ruby-2.5.1/gems/activerecord-5.2.2/lib/active_record/log_subscriber.rb:98
Processing by Rails::WelcomeController#index as HTML
  Rendering /Users/jameshawkins/.rvm/gems/ruby-2.5.1/gems/railties-5.2.2/lib/rails/templates/rails/welcome/index.html.erb
  Rendered /Users/jameshawkins/.rvm/gems/ruby-2.5.1/gems/railties-5.2.2/lib/rails/templates/rails/welcome/index.html.erb (4.9ms)
Completed 200 OK in 23ms (Views: 13.7ms | ActiveRecord: 0.0ms)


Started GET "/books" for 127.0.0.1 at 2019-01-28 08:49:48 -0800
Processing by BooksController#index as HTML
  [1m[36mBook Load (1.5ms)[0m  [1m[34mSELECT "books".* FROM "books"[0m
  ↳ app/controllers/books_controller.rb:5
Completed 200 OK in 15ms (Views: 2.2ms | ActiveRecord: 7.7ms)


Started GET "/books" for 127.0.0.1 at 2019-01-28 08:51:25 -0800
Processing by BooksController#index as HTML
Completed 500 Internal Server Error in 10ms (ActiveRecord: 0.0ms)



ActionView::MissingTemplate - Missing template books/index, application/index with {:locale=>[:en], :formats=>[:html], :variants=>[], :handlers=>[:raw, :erb, :html, :builder, :ruby, :coffee, :jbuilder]}. Searched in:
  * "/Users/jameshawkins/Downloads/AppAcademy/aA-Homeworks/W4D2/library/app/views"
:
  app/controllers/books_controller.rb:6:in `index'

Started POST "/__better_errors/0723626b388c3272/variables" for 127.0.0.1 at 2019-01-28 08:51:25 -0800
Started GET "/books" for 127.0.0.1 at 2019-01-28 08:51:29 -0800
Processing by BooksController#index as HTML
Completed 500 Internal Server Error in 9ms (ActiveRecord: 0.0ms)



ActionView::MissingTemplate - Missing template books/index, application/index with {:locale=>[:en], :formats=>[:html], :variants=>[], :handlers=>[:raw, :erb, :html, :builder, :ruby, :coffee, :jbuilder]}. Searched in:
  * "/Users/jameshawkins/Downloads/AppAcademy/aA-Homeworks/W4D2/library/app/views"
:
  app/controllers/books_controller.rb:6:in `index'

Started POST "/__better_errors/b7bd0811081cf55d/variables" for 127.0.0.1 at 2019-01-28 08:51:29 -0800
Started GET "/books/index.html" for 127.0.0.1 at 2019-01-28 08:51:47 -0800
Processing by BooksController#show as HTML
  Parameters: {"id"=>"index"}
  [1m[36mBook Load (0.4ms)[0m  [1m[34mSELECT  "books".* FROM "books" WHERE "books"."id" = $1 LIMIT $2[0m  [["id", 0], ["LIMIT", 1]]
  ↳ app/controllers/books_controller.rb:10
Completed 200 OK in 6ms (Views: 0.2ms | ActiveRecord: 2.6ms)


Started GET "/books/" for 127.0.0.1 at 2019-01-28 08:51:49 -0800
Processing by BooksController#index as HTML
Completed 500 Internal Server Error in 6ms (ActiveRecord: 0.0ms)



ActionView::MissingTemplate - Missing template books/index, application/index with {:locale=>[:en], :formats=>[:html], :variants=>[], :handlers=>[:raw, :erb, :html, :builder, :ruby, :coffee, :jbuilder]}. Searched in:
  * "/Users/jameshawkins/Downloads/AppAcademy/aA-Homeworks/W4D2/library/app/views"
:
  app/controllers/books_controller.rb:6:in `index'

Started POST "/__better_errors/0fd237fe1b8301cd/variables" for 127.0.0.1 at 2019-01-28 08:51:49 -0800
Started GET "/books/" for 127.0.0.1 at 2019-01-28 08:52:29 -0800
Processing by BooksController#index as HTML
  Rendering books/index.html.erb within layouts/application
  Rendered books/index.html.erb within layouts/application (0.3ms)
Completed 200 OK in 308ms (Views: 307.2ms | ActiveRecord: 0.0ms)


Started GET "/cats" for 127.0.0.1 at 2019-01-28 08:55:10 -0800
  [1m[35m (1.6ms)[0m  [1m[34mSELECT "schema_migrations"."version" FROM "schema_migrations" ORDER BY "schema_migrations"."version" ASC[0m
  ↳ /Users/jameshawkins/.rvm/gems/ruby-2.5.1/gems/activerecord-5.2.2/lib/active_record/log_subscriber.rb:98
  
ActionController::RoutingError (No route matches [GET] "/cats"):
  
actionpack (5.2.2) lib/action_dispatch/middleware/debug_exceptions.rb:65:in `call'
web-console (3.7.0) lib/web_console/middleware.rb:135:in `call_app'
web-console (3.7.0) lib/web_console/middleware.rb:30:in `block in call'
web-console (3.7.0) lib/web_console/middleware.rb:20:in `catch'
web-console (3.7.0) lib/web_console/middleware.rb:20:in `call'
actionpack (5.2.2) lib/action_dispatch/middleware/show_exceptions.rb:33:in `call'
railties (5.2.2) lib/rails/rack/logger.rb:38:in `call_app'
railties (5.2.2) lib/rails/rack/logger.rb:26:in `block in call'
activesupport (5.2.2) lib/active_support/tagged_logging.rb:71:in `block in tagged'
activesupport (5.2.2) lib/active_support/tagged_logging.rb:28:in `tagged'
activesupport (5.2.2) lib/active_support/tagged_logging.rb:71:in `tagged'
railties (5.2.2) lib/rails/rack/logger.rb:26:in `call'
sprockets-rails (3.2.1) lib/sprockets/rails/quiet_assets.rb:13:in `call'
actionpack (5.2.2) lib/action_dispatch/middleware/remote_ip.rb:81:in `call'
actionpack (5.2.2) lib/action_dispatch/middleware/request_id.rb:27:in `call'
rack (2.0.6) lib/rack/method_override.rb:22:in `call'
rack (2.0.6) lib/rack/runtime.rb:22:in `call'
activesupport (5.2.2) lib/active_support/cache/strategy/local_cache_middleware.rb:29:in `call'
actionpack (5.2.2) lib/action_dispatch/middleware/executor.rb:14:in `call'
actionpack (5.2.2) lib/action_dispatch/middleware/static.rb:127:in `call'
rack (2.0.6) lib/rack/sendfile.rb:111:in `call'
railties (5.2.2) lib/rails/engine.rb:524:in `call'
puma (3.12.0) lib/puma/configuration.rb:225:in `call'
puma (3.12.0) lib/puma/server.rb:658:in `handle_request'
puma (3.12.0) lib/puma/server.rb:472:in `process_client'
puma (3.12.0) lib/puma/server.rb:332:in `block in run'
puma (3.12.0) lib/puma/thread_pool.rb:133:in `block in spawn_thread'
Started GET "/" for 127.0.0.1 at 2019-01-28 08:55:12 -0800
Processing by Rails::WelcomeController#index as HTML
  Rendering /Users/jameshawkins/.rvm/gems/ruby-2.5.1/gems/railties-5.2.2/lib/rails/templates/rails/welcome/index.html.erb
  Rendered /Users/jameshawkins/.rvm/gems/ruby-2.5.1/gems/railties-5.2.2/lib/rails/templates/rails/welcome/index.html.erb (3.5ms)
Completed 200 OK in 13ms (Views: 8.7ms | ActiveRecord: 0.0ms)


Started GET "/books" for 127.0.0.1 at 2019-01-28 08:55:15 -0800
Processing by BooksController#index as HTML
  Rendering books/index.html.erb within layouts/application
  Rendered books/index.html.erb within layouts/application (0.3ms)
Completed 200 OK in 235ms (Views: 232.2ms | ActiveRecord: 0.0ms)


Started GET "/" for 127.0.0.1 at 2019-01-28 09:43:42 -0800
  [1m[35m (1.7ms)[0m  [1m[34mSELECT "schema_migrations"."version" FROM "schema_migrations" ORDER BY "schema_migrations"."version" ASC[0m
  ↳ /Users/jameshawkins/.rvm/gems/ruby-2.5.1/gems/activerecord-5.2.2/lib/active_record/log_subscriber.rb:98
Processing by Rails::WelcomeController#index as HTML
  Rendering /Users/jameshawkins/.rvm/gems/ruby-2.5.1/gems/railties-5.2.2/lib/rails/templates/rails/welcome/index.html.erb
  Rendered /Users/jameshawkins/.rvm/gems/ruby-2.5.1/gems/railties-5.2.2/lib/rails/templates/rails/welcome/index.html.erb (4.5ms)
Completed 200 OK in 18ms (Views: 9.0ms | ActiveRecord: 0.0ms)


Started GET "/books" for 127.0.0.1 at 2019-01-28 09:43:46 -0800
Processing by BooksController#index as HTML
  Rendering books/index.html.erb within layouts/application
  Rendered books/index.html.erb within layouts/application (0.3ms)
Completed 200 OK in 284ms (Views: 280.5ms | ActiveRecord: 0.0ms)


Started GET "/books/1" for 127.0.0.1 at 2019-01-28 09:45:21 -0800
Processing by BooksController#show as HTML
  Parameters: {"id"=>"1"}
  [1m[36mBook Load (0.6ms)[0m  [1m[34mSELECT  "books".* FROM "books" WHERE "books"."id" = $1 LIMIT $2[0m  [["id", 1], ["LIMIT", 1]]
  ↳ app/controllers/books_controller.rb:10
Completed 200 OK in 17ms (Views: 0.1ms | ActiveRecord: 4.1ms)


  [1m[35m (0.2ms)[0m  [1m[35mBEGIN[0m
  [1m[36mBook Create (1.1ms)[0m  [1m[32mINSERT INTO "books" ("title", "author", "year", "category", "description", "created_at", "updated_at") VALUES ($1, $2, $3, $4, $5, $6, $7) RETURNING "id"[0m  [["title", "Harry Potter"], ["author", "J.K. Rowling"], ["year", 2001], ["category", "Fiction"], ["description", "A book about Wizards"], ["created_at", "2019-01-28 17:46:45.681894"], ["updated_at", "2019-01-28 17:46:45.681894"]]
  [1m[35m (0.5ms)[0m  [1m[35mCOMMIT[0m
  [1m[35m (0.2ms)[0m  [1m[35mBEGIN[0m
  [1m[36mBook Create (0.4ms)[0m  [1m[32mINSERT INTO "books" ("title", "author", "year", "category", "description", "created_at", "updated_at") VALUES ($1, $2, $3, $4, $5, $6, $7) RETURNING "id"[0m  [["title", "Harry Potter 2"], ["author", "J.K. Rowling"], ["year", 2001], ["category", "Fiction"], ["description", "Another book about Wizards"], ["created_at", "2019-01-28 17:47:22.605193"], ["updated_at", "2019-01-28 17:47:22.605193"]]
  [1m[35m (5.8ms)[0m  [1m[35mCOMMIT[0m
  [1m[35m (0.2ms)[0m  [1m[35mBEGIN[0m
  [1m[36mBook Create (0.5ms)[0m  [1m[32mINSERT INTO "books" ("title", "author", "year", "category", "description", "created_at", "updated_at") VALUES ($1, $2, $3, $4, $5, $6, $7) RETURNING "id"[0m  [["title", "Harry Potter 3"], ["author", "J.K. Rowling"], ["year", 2004], ["category", "Fiction"], ["description", "A third book about Wizards"], ["created_at", "2019-01-28 17:47:37.897299"], ["updated_at", "2019-01-28 17:47:37.897299"]]
  [1m[35m (5.7ms)[0m  [1m[35mCOMMIT[0m
Started GET "/books/1" for 127.0.0.1 at 2019-01-28 09:47:39 -0800
Processing by BooksController#show as HTML
  Parameters: {"id"=>"1"}
  [1m[36mBook Load (0.4ms)[0m  [1m[34mSELECT  "books".* FROM "books" WHERE "books"."id" = $1 LIMIT $2[0m  [["id", 1], ["LIMIT", 1]]
  ↳ app/controllers/books_controller.rb:10
Completed 200 OK in 27ms (Views: 0.8ms | ActiveRecord: 4.9ms)


Started GET "/books/" for 127.0.0.1 at 2019-01-28 09:47:57 -0800
Processing by BooksController#index as HTML
  Rendering books/index.html.erb within layouts/application
  Rendered books/index.html.erb within layouts/application (0.5ms)
Completed 200 OK in 22ms (Views: 21.6ms | ActiveRecord: 0.0ms)


Started GET "/books" for 127.0.0.1 at 2019-01-28 09:47:59 -0800
Processing by BooksController#index as HTML
  Rendering books/index.html.erb within layouts/application
  Rendered books/index.html.erb within layouts/application (0.3ms)
Completed 200 OK in 20ms (Views: 19.7ms | ActiveRecord: 0.0ms)


Started GET "/" for 127.0.0.1 at 2019-01-28 09:52:38 -0800
Processing by Rails::WelcomeController#index as HTML
  Rendering /Users/jameshawkins/.rvm/gems/ruby-2.5.1/gems/railties-5.2.2/lib/rails/templates/rails/welcome/index.html.erb
  Rendered /Users/jameshawkins/.rvm/gems/ruby-2.5.1/gems/railties-5.2.2/lib/rails/templates/rails/welcome/index.html.erb (2.9ms)
Completed 200 OK in 11ms (Views: 6.8ms | ActiveRecord: 0.0ms)


Started GET "/books" for 127.0.0.1 at 2019-01-28 09:52:42 -0800
Processing by BooksController#index as HTML
  Rendering books/index.html.erb within layouts/application
  [1m[36mBook Load (0.7ms)[0m  [1m[34mSELECT "books".* FROM "books"[0m
  ↳ app/views/books/index.html.erb:4
  Rendered books/index.html.erb within layouts/application (18.2ms)
Completed 200 OK in 41ms (Views: 29.1ms | ActiveRecord: 9.7ms)


Started GET "/books" for 127.0.0.1 at 2019-01-28 09:56:35 -0800
Processing by BooksController#index as HTML
  Rendering books/index.html.erb within layouts/application
  [1m[36mBook Load (0.5ms)[0m  [1m[34mSELECT "books".* FROM "books"[0m
  ↳ app/views/books/index.html.erb:4
  Rendered books/index.html.erb within layouts/application (14.3ms)
Completed 200 OK in 35ms (Views: 27.0ms | ActiveRecord: 6.3ms)


Started GET "/books/1" for 127.0.0.1 at 2019-01-28 09:56:37 -0800
Processing by BooksController#show as HTML
  Parameters: {"id"=>"1"}
  [1m[36mBook Load (0.4ms)[0m  [1m[34mSELECT  "books".* FROM "books" WHERE "books"."id" = $1 LIMIT $2[0m  [["id", 1], ["LIMIT", 1]]
  ↳ app/controllers/books_controller.rb:10
  Rendering books/show.html.erb within layouts/application
  Rendered books/show.html.erb within layouts/application (0.3ms)
Completed 200 OK in 20ms (Views: 17.9ms | ActiveRecord: 0.4ms)


Started GET "/books/1" for 127.0.0.1 at 2019-01-28 09:56:47 -0800
Processing by BooksController#show as HTML
  Parameters: {"id"=>"1"}
  [1m[36mBook Load (0.4ms)[0m  [1m[34mSELECT  "books".* FROM "books" WHERE "books"."id" = $1 LIMIT $2[0m  [["id", 1], ["LIMIT", 1]]
  ↳ app/controllers/books_controller.rb:10
  Rendering books/show.html.erb within layouts/application
  Rendered books/show.html.erb within layouts/application (0.4ms)
Completed 200 OK in 32ms (Views: 30.7ms | ActiveRecord: 0.4ms)


Started GET "/books/1" for 127.0.0.1 at 2019-01-28 09:58:11 -0800
Processing by BooksController#show as HTML
  Parameters: {"id"=>"1"}
  [1m[36mBook Load (0.4ms)[0m  [1m[34mSELECT  "books".* FROM "books" WHERE "books"."id" = $1 LIMIT $2[0m  [["id", 1], ["LIMIT", 1]]
  ↳ app/controllers/books_controller.rb:10
  Rendering books/show.html.erb within layouts/application
  Rendered books/show.html.erb within layouts/application (0.4ms)
Completed 200 OK in 20ms (Views: 18.3ms | ActiveRecord: 0.4ms)


Started GET "/books/1" for 127.0.0.1 at 2019-01-28 09:58:23 -0800
Processing by BooksController#show as HTML
  Parameters: {"id"=>"1"}
  [1m[36mBook Load (0.3ms)[0m  [1m[34mSELECT  "books".* FROM "books" WHERE "books"."id" = $1 LIMIT $2[0m  [["id", 1], ["LIMIT", 1]]
  ↳ app/controllers/books_controller.rb:10
  Rendering books/show.html.erb within layouts/application
  Rendered books/show.html.erb within layouts/application (0.5ms)
Completed 200 OK in 22ms (Views: 20.4ms | ActiveRecord: 0.3ms)


Started GET "/books/1" for 127.0.0.1 at 2019-01-28 09:58:27 -0800
Processing by BooksController#show as HTML
  Parameters: {"id"=>"1"}
  [1m[36mBook Load (0.2ms)[0m  [1m[34mSELECT  "books".* FROM "books" WHERE "books"."id" = $1 LIMIT $2[0m  [["id", 1], ["LIMIT", 1]]
  ↳ app/controllers/books_controller.rb:10
  Rendering books/show.html.erb within layouts/application
  Rendered books/show.html.erb within layouts/application (0.4ms)
Completed 200 OK in 22ms (Views: 20.5ms | ActiveRecord: 0.2ms)


Started GET "/books/1" for 127.0.0.1 at 2019-01-28 09:59:48 -0800
Processing by BooksController#show as HTML
  Parameters: {"id"=>"1"}
  [1m[36mBook Load (0.3ms)[0m  [1m[34mSELECT  "books".* FROM "books" WHERE "books"."id" = $1 LIMIT $2[0m  [["id", 1], ["LIMIT", 1]]
  ↳ app/controllers/books_controller.rb:10
  Rendering books/show.html.erb within layouts/application
  Rendered books/show.html.erb within layouts/application (0.4ms)
Completed 200 OK in 39ms (Views: 20.2ms | ActiveRecord: 6.7ms)


Started GET "/books/100" for 127.0.0.1 at 2019-01-28 09:59:50 -0800
Processing by BooksController#show as HTML
  Parameters: {"id"=>"100"}
  [1m[36mBook Load (0.3ms)[0m  [1m[34mSELECT  "books".* FROM "books" WHERE "books"."id" = $1 LIMIT $2[0m  [["id", 100], ["LIMIT", 1]]
  ↳ app/controllers/books_controller.rb:10
Redirected to 
Completed 500 Internal Server Error in 165ms (ActiveRecord: 0.3ms)



NoMethodError - undefined method `index_url' for #<BooksController:0x00007fb34493a2c0>
Did you mean?  index:
  app/controllers/books_controller.rb:16:in `show'

Started POST "/__better_errors/d95d818ae39b035e/variables" for 127.0.0.1 at 2019-01-28 09:59:51 -0800
Started GET "/books/100" for 127.0.0.1 at 2019-01-28 10:00:37 -0800
Processing by BooksController#show as HTML
  Parameters: {"id"=>"100"}
  [1m[36mBook Load (0.5ms)[0m  [1m[34mSELECT  "books".* FROM "books" WHERE "books"."id" = $1 LIMIT $2[0m  [["id", 100], ["LIMIT", 1]]
  ↳ app/controllers/books_controller.rb:10
Redirected to http://localhost:3000/books
Completed 302 Found in 7ms (ActiveRecord: 2.4ms)


Started GET "/books" for 127.0.0.1 at 2019-01-28 10:00:37 -0800
Processing by BooksController#index as HTML
  Rendering books/index.html.erb within layouts/application
  [1m[36mBook Load (0.4ms)[0m  [1m[34mSELECT "books".* FROM "books"[0m
  ↳ app/views/books/index.html.erb:4
  Rendered books/index.html.erb within layouts/application (15.5ms)
Completed 200 OK in 38ms (Views: 31.2ms | ActiveRecord: 6.1ms)


Started GET "/books" for 127.0.0.1 at 2019-01-28 10:00:51 -0800
Processing by BooksController#index as HTML
  Rendering books/index.html.erb within layouts/application
  [1m[36mBook Load (0.5ms)[0m  [1m[34mSELECT "books".* FROM "books"[0m
  ↳ app/views/books/index.html.erb:4
  Rendered books/index.html.erb within layouts/application (15.7ms)
Completed 200 OK in 41ms (Views: 33.3ms | ActiveRecord: 5.9ms)


Started GET "/books/100" for 127.0.0.1 at 2019-01-28 10:00:54 -0800
Processing by BooksController#show as HTML
  Parameters: {"id"=>"100"}
  [1m[36mBook Load (0.3ms)[0m  [1m[34mSELECT  "books".* FROM "books" WHERE "books"."id" = $1 LIMIT $2[0m  [["id", 100], ["LIMIT", 1]]
  ↳ app/controllers/books_controller.rb:10
Redirected to http://localhost:3000/books
Completed 302 Found in 2ms (ActiveRecord: 0.3ms)


Started GET "/books" for 127.0.0.1 at 2019-01-28 10:00:54 -0800
Processing by BooksController#index as HTML
  Rendering books/index.html.erb within layouts/application
  [1m[36mBook Load (0.5ms)[0m  [1m[34mSELECT "books".* FROM "books"[0m
  ↳ app/views/books/index.html.erb:4
  Rendered books/index.html.erb within layouts/application (1.7ms)
Completed 200 OK in 27ms (Views: 25.6ms | ActiveRecord: 0.5ms)


  [1m[35m (0.2ms)[0m  [1m[35mBEGIN[0m
  [1m[36mBook Create (1.3ms)[0m  [1m[32mINSERT INTO "books" ("title", "author", "year", "category", "description", "created_at", "updated_at") VALUES ($1, $2, $3, $4, $5, $6, $7) RETURNING "id"[0m  [["title", "Jurassic Park"], ["author", "Michael Crichton"], ["year", 1998], ["category", "Fiction"], ["description", "A critically acclaimed novel about dinosaurs"], ["created_at", "2019-01-28 18:02:51.319743"], ["updated_at", "2019-01-28 18:02:51.319743"]]
  [1m[35m (6.3ms)[0m  [1m[35mCOMMIT[0m
Started GET "/books" for 127.0.0.1 at 2019-01-28 10:03:03 -0800
Processing by BooksController#index as HTML
  Rendering books/index.html.erb within layouts/application
  [1m[36mBook Load (0.4ms)[0m  [1m[34mSELECT "books".* FROM "books"[0m
  ↳ app/views/books/index.html.erb:4
  Rendered books/index.html.erb within layouts/application (15.2ms)
Completed 200 OK in 42ms (Views: 33.9ms | ActiveRecord: 6.0ms)


Started GET "/books/4" for 127.0.0.1 at 2019-01-28 10:03:06 -0800
Processing by BooksController#show as HTML
  Parameters: {"id"=>"4"}
  [1m[36mBook Load (0.3ms)[0m  [1m[34mSELECT  "books".* FROM "books" WHERE "books"."id" = $1 LIMIT $2[0m  [["id", 4], ["LIMIT", 1]]
  ↳ app/controllers/books_controller.rb:10
  Rendering books/show.html.erb within layouts/application
  Rendered books/show.html.erb within layouts/application (0.7ms)
Completed 200 OK in 26ms (Views: 23.7ms | ActiveRecord: 0.3ms)


Started GET "/books/new" for 127.0.0.1 at 2019-01-28 10:06:31 -0800
Processing by BooksController#new as HTML
  Rendering books/new.html.erb within layouts/application
  Rendered books/new.html.erb within layouts/application (0.6ms)
Completed 200 OK in 25ms (Views: 24.5ms | ActiveRecord: 0.0ms)


Started GET "/books/new" for 127.0.0.1 at 2019-01-28 10:12:19 -0800
Processing by BooksController#new as HTML
  Rendering books/new.html.erb within layouts/application
  Rendered books/new.html.erb within layouts/application (0.3ms)
Completed 200 OK in 22ms (Views: 21.3ms | ActiveRecord: 0.0ms)


Started GET "/books/new" for 127.0.0.1 at 2019-01-28 10:12:24 -0800
Processing by BooksController#new as HTML
  Rendering books/new.html.erb within layouts/application
  Rendered books/new.html.erb within layouts/application (0.8ms)
Completed 200 OK in 30ms (Views: 29.2ms | ActiveRecord: 0.0ms)


Started POST "/books" for 127.0.0.1 at 2019-01-28 10:12:35 -0800

AbstractController::ActionNotFound - The action 'create' could not be found for BooksController:

Started POST "/__better_errors/89f558501f669247/variables" for 127.0.0.1 at 2019-01-28 10:12:35 -0800
Started POST "/books" for 127.0.0.1 at 2019-01-28 10:13:01 -0800
Processing by BooksController#create as HTML
Can't verify CSRF token authenticity.
Completed 422 Unprocessable Entity in 0ms (ActiveRecord: 0.0ms)



ActionController::InvalidAuthenticityToken - ActionController::InvalidAuthenticityToken:

Started POST "/__better_errors/1b229e1754c4c9ff/variables" for 127.0.0.1 at 2019-01-28 10:13:02 -0800
Started POST "/books" for 127.0.0.1 at 2019-01-28 10:13:16 -0800

SyntaxError - syntax error, unexpected tSTRING_BEG, expecting keyword_end
        render :json "Creating book"
                     ^:
  app/controllers/books_controller.rb:24:in `'

Started POST "/__better_errors/8a1decfe434829ca/variables" for 127.0.0.1 at 2019-01-28 10:13:16 -0800
Started POST "/books" for 127.0.0.1 at 2019-01-28 10:13:28 -0800
Processing by BooksController#create as HTML
Can't verify CSRF token authenticity.
Completed 422 Unprocessable Entity in 1ms (ActiveRecord: 0.0ms)



ActionController::InvalidAuthenticityToken - ActionController::InvalidAuthenticityToken:

Started POST "/__better_errors/786c1c9a2ee1c644/variables" for 127.0.0.1 at 2019-01-28 10:13:28 -0800
Started POST "/books" for 127.0.0.1 at 2019-01-28 10:14:26 -0800
Processing by BooksController#create as HTML
Can't verify CSRF token authenticity.
Completed 200 OK in 1ms (Views: 0.1ms | ActiveRecord: 0.0ms)


Started POST "/books" for 127.0.0.1 at 2019-01-28 10:19:42 -0800
Processing by BooksController#create as HTML
Can't verify CSRF token authenticity.
Completed 200 OK in 0ms (Views: 0.1ms | ActiveRecord: 0.0ms)


Started POST "/books" for 127.0.0.1 at 2019-01-28 10:20:47 -0800
Processing by BooksController#create as HTML
Can't verify CSRF token authenticity.
Completed 200 OK in 1ms (Views: 0.1ms | ActiveRecord: 0.0ms)


Started GET "/books/new" for 127.0.0.1 at 2019-01-28 13:03:30 -0800
Processing by BooksController#new as HTML
  Rendering books/new.html.erb within layouts/application
  Rendered books/new.html.erb within layouts/application (0.7ms)
Completed 200 OK in 24ms (Views: 23.3ms | ActiveRecord: 0.0ms)


Started GET "/books/new" for 127.0.0.1 at 2019-01-28 13:03:41 -0800
Processing by BooksController#new as HTML
  Rendering books/new.html.erb within layouts/application
  Rendered books/new.html.erb within layouts/application (0.4ms)
Completed 200 OK in 26ms (Views: 26.0ms | ActiveRecord: 0.0ms)


Started POST "/books" for 127.0.0.1 at 2019-01-28 13:04:21 -0800
Processing by BooksController#create as HTML
  Parameters: {"title"=>"Test Book", "author"=>"James Hawkins", "year"=>"2019"}
Can't verify CSRF token authenticity.
Completed 200 OK in 1ms (Views: 0.2ms | ActiveRecord: 0.0ms)


Started POST "/books" for 127.0.0.1 at 2019-01-28 13:05:57 -0800
Processing by BooksController#create as HTML
  Parameters: {"title"=>"Test Book 2", "author"=>"James Hawkins", "year"=>"2019"}
Can't verify CSRF token authenticity.
Completed 200 OK in 0ms (Views: 0.1ms | ActiveRecord: 0.0ms)


Started POST "/books" for 127.0.0.1 at 2019-01-28 13:06:14 -0800
Processing by BooksController#create as HTML
  Parameters: {"title"=>"Test Book 2", "author"=>"James Hawkins", "year"=>"2019"}
Can't verify CSRF token authenticity.
Completed 200 OK in 1ms (Views: 0.1ms | ActiveRecord: 0.0ms)


Started GET "/books/new" for 127.0.0.1 at 2019-01-28 13:06:19 -0800
Processing by BooksController#new as HTML
  Rendering books/new.html.erb within layouts/application
  Rendered books/new.html.erb within layouts/application (0.4ms)
Completed 200 OK in 19ms (Views: 18.8ms | ActiveRecord: 0.0ms)


Started POST "/books" for 127.0.0.1 at 2019-01-28 13:06:29 -0800
Processing by BooksController#create as HTML
  Parameters: {"book"=>{"title"=>"Testing", "author"=>"James Hawkins", "year"=>"3019"}}
Can't verify CSRF token authenticity.
Completed 200 OK in 0ms (Views: 0.1ms | ActiveRecord: 0.0ms)


Started GET "/books/new" for 127.0.0.1 at 2019-01-28 13:08:26 -0800
Processing by BooksController#new as HTML
  Rendering books/new.html.erb within layouts/application
  Rendered books/new.html.erb within layouts/application (0.4ms)
Completed 200 OK in 20ms (Views: 19.8ms | ActiveRecord: 0.0ms)


Started GET "/books/new" for 127.0.0.1 at 2019-01-28 13:09:09 -0800
Processing by BooksController#new as HTML
  Rendering books/new.html.erb within layouts/application
  Rendered books/new.html.erb within layouts/application (0.4ms)
Completed 200 OK in 20ms (Views: 19.5ms | ActiveRecord: 0.0ms)


Started GET "/books/new" for 127.0.0.1 at 2019-01-28 13:09:18 -0800
Processing by BooksController#new as HTML
  Rendering books/new.html.erb within layouts/application
  Rendered books/new.html.erb within layouts/application (0.5ms)
Completed 200 OK in 21ms (Views: 20.5ms | ActiveRecord: 0.0ms)


Started GET "/books/new" for 127.0.0.1 at 2019-01-28 13:11:10 -0800
Processing by BooksController#new as HTML
  Rendering books/new.html.erb within layouts/application
  Rendered books/new.html.erb within layouts/application (0.4ms)
Completed 200 OK in 17ms (Views: 17.1ms | ActiveRecord: 0.0ms)


Started GET "/books/new" for 127.0.0.1 at 2019-01-28 13:11:43 -0800
Processing by BooksController#new as HTML
  Rendering books/new.html.erb within layouts/application
  Rendered books/new.html.erb within layouts/application (0.4ms)
Completed 200 OK in 20ms (Views: 19.1ms | ActiveRecord: 0.0ms)


Started GET "/books/new" for 127.0.0.1 at 2019-01-28 13:12:13 -0800
Processing by BooksController#new as HTML
  Rendering books/new.html.erb within layouts/application
  Rendered books/new.html.erb within layouts/application (0.3ms)
Completed 200 OK in 16ms (Views: 15.2ms | ActiveRecord: 0.0ms)


Started GET "/books/new" for 127.0.0.1 at 2019-01-28 13:13:10 -0800
Processing by BooksController#new as HTML
  Rendering books/new.html.erb within layouts/application
  Rendered books/new.html.erb within layouts/application (0.4ms)
Completed 200 OK in 21ms (Views: 21.0ms | ActiveRecord: 0.0ms)


Started GET "/books/new" for 127.0.0.1 at 2019-01-28 13:15:49 -0800
Processing by BooksController#new as HTML
  Rendering books/new.html.erb within layouts/application
  Rendered books/new.html.erb within layouts/application (0.7ms)
Completed 200 OK in 21ms (Views: 20.8ms | ActiveRecord: 0.0ms)


Started POST "/books" for 127.0.0.1 at 2019-01-28 13:16:04 -0800
Processing by BooksController#create as HTML
  Parameters: {"book"=>{"title"=>"Harry Potter 5", "author"=>"J.K. Rowling", "year"=>"2008", "category"=>"Fiction", "description"=>"Another One"}}
Can't verify CSRF token authenticity.
Completed 200 OK in 1ms (Views: 0.1ms | ActiveRecord: 0.0ms)


Started GET "/books/new" for 127.0.0.1 at 2019-01-28 13:18:37 -0800
Processing by BooksController#new as HTML
  Rendering books/new.html.erb within layouts/application
  Rendered books/new.html.erb within layouts/application (0.5ms)
Completed 200 OK in 20ms (Views: 19.1ms | ActiveRecord: 0.0ms)


Started POST "/books" for 127.0.0.1 at 2019-01-28 13:20:03 -0800
Processing by BooksController#create as HTML
  Parameters: {"book"=>{"title"=>"Harry Potter 5", "author"=>"J.K. Rowling", "year"=>"3019", "category"=>"Fiction", "description"=>"The future of Harry Potter"}}
Can't verify CSRF token authenticity.
  [1m[35m (0.2ms)[0m  [1m[35mBEGIN[0m
  ↳ app/controllers/books_controller.rb:27
  [1m[36mBook Create (0.9ms)[0m  [1m[32mINSERT INTO "books" ("title", "author", "year", "category", "description", "created_at", "updated_at") VALUES ($1, $2, $3, $4, $5, $6, $7) RETURNING "id"[0m  [["title", "Harry Potter 5"], ["author", "J.K. Rowling"], ["year", 3019], ["category", "Fiction"], ["description", "The future of Harry Potter"], ["created_at", "2019-01-28 21:20:03.355241"], ["updated_at", "2019-01-28 21:20:03.355241"]]
  ↳ app/controllers/books_controller.rb:27
  [1m[35m (0.7ms)[0m  [1m[35mCOMMIT[0m
  ↳ app/controllers/books_controller.rb:27
Redirected to http://localhost:3000/books/5
Completed 302 Found in 24ms (ActiveRecord: 12.1ms)


Started GET "/books/5" for 127.0.0.1 at 2019-01-28 13:20:03 -0800
Processing by BooksController#show as HTML
  Parameters: {"id"=>"5"}
  [1m[36mBook Load (0.4ms)[0m  [1m[34mSELECT  "books".* FROM "books" WHERE "books"."id" = $1 LIMIT $2[0m  [["id", 5], ["LIMIT", 1]]
  ↳ app/controllers/books_controller.rb:9
  Rendering books/show.html.erb within layouts/application
  Rendered books/show.html.erb within layouts/application (0.6ms)
Completed 200 OK in 23ms (Views: 20.5ms | ActiveRecord: 0.6ms)


Started GET "/books/5" for 127.0.0.1 at 2019-01-28 13:33:33 -0800
Processing by BooksController#show as HTML
  Parameters: {"id"=>"5"}
  [1m[36mBook Load (1.1ms)[0m  [1m[34mSELECT  "books".* FROM "books" WHERE "books"."id" = $1 LIMIT $2[0m  [["id", 5], ["LIMIT", 1]]
  ↳ app/controllers/books_controller.rb:9
  Rendering books/show.html.erb within layouts/application
  Rendered books/show.html.erb within layouts/application (0.5ms)
Completed 200 OK in 49ms (Views: 20.2ms | ActiveRecord: 13.9ms)


Started GET "/books/5/edit" for 127.0.0.1 at 2019-01-28 13:40:09 -0800
Processing by BooksController#edit as HTML
  Parameters: {"id"=>"5"}
  [1m[36mBook Load (0.7ms)[0m  [1m[34mSELECT  "books".* FROM "books" WHERE "books"."id" = $1 LIMIT $2[0m  [["id", 5], ["LIMIT", 1]]
  ↳ app/controllers/books_controller.rb:36
  Rendering books/edit.html.erb within layouts/application
  Rendered books/edit.html.erb within layouts/application (0.7ms)
Completed 200 OK in 48ms (Views: 21.9ms | ActiveRecord: 13.3ms)


Started GET "/books/5/edit" for 127.0.0.1 at 2019-01-28 13:41:37 -0800
Processing by BooksController#edit as HTML
  Parameters: {"id"=>"5"}
  [1m[36mBook Load (0.5ms)[0m  [1m[34mSELECT  "books".* FROM "books" WHERE "books"."id" = $1 LIMIT $2[0m  [["id", 5], ["LIMIT", 1]]
  ↳ app/controllers/books_controller.rb:36
  Rendering books/edit.html.erb within layouts/application
  Rendered books/edit.html.erb within layouts/application (0.7ms)
Completed 200 OK in 21ms (Views: 18.7ms | ActiveRecord: 0.5ms)


Started GET "/books/5/edit" for 127.0.0.1 at 2019-01-28 13:41:51 -0800
Processing by BooksController#edit as HTML
  Parameters: {"id"=>"5"}
  [1m[36mBook Load (0.4ms)[0m  [1m[34mSELECT  "books".* FROM "books" WHERE "books"."id" = $1 LIMIT $2[0m  [["id", 5], ["LIMIT", 1]]
  ↳ app/controllers/books_controller.rb:36
  Rendering books/edit.html.erb within layouts/application
  Rendered books/edit.html.erb within layouts/application (0.5ms)
Completed 200 OK in 20ms (Views: 18.3ms | ActiveRecord: 0.4ms)


Started GET "/books/5/edit" for 127.0.0.1 at 2019-01-28 13:41:59 -0800
Processing by BooksController#edit as HTML
  Parameters: {"id"=>"5"}
  [1m[36mBook Load (0.3ms)[0m  [1m[34mSELECT  "books".* FROM "books" WHERE "books"."id" = $1 LIMIT $2[0m  [["id", 5], ["LIMIT", 1]]
  ↳ app/controllers/books_controller.rb:36
  Rendering books/edit.html.erb within layouts/application
  Rendered books/edit.html.erb within layouts/application (0.8ms)
Completed 200 OK in 22ms (Views: 20.9ms | ActiveRecord: 0.3ms)


Started PATCH "/books/5" for 127.0.0.1 at 2019-01-28 13:42:25 -0800
Processing by BooksController#update as HTML
  Parameters: {"book"=>{"title"=>"Harry Potter 3000", "author"=>"J.K. Rowling", "year"=>"3019", "description"=>"Harry Potter 5"}, "id"=>"5"}
Can't verify CSRF token authenticity.
No template found for BooksController#update, rendering head :no_content
Completed 204 No Content in 176ms (ActiveRecord: 0.0ms)


Started GET "/books/5/edit" for 127.0.0.1 at 2019-01-28 13:44:13 -0800
Processing by BooksController#edit as HTML
  Parameters: {"id"=>"5"}
  [1m[36mBook Load (0.3ms)[0m  [1m[34mSELECT  "books".* FROM "books" WHERE "books"."id" = $1 LIMIT $2[0m  [["id", 5], ["LIMIT", 1]]
  ↳ app/controllers/books_controller.rb:36
  Rendering books/edit.html.erb within layouts/application
  Rendered books/edit.html.erb within layouts/application (0.7ms)
Completed 200 OK in 21ms (Views: 19.6ms | ActiveRecord: 0.3ms)


Started GET "/books/5/edit" for 127.0.0.1 at 2019-01-28 13:46:22 -0800
Processing by BooksController#edit as HTML
  Parameters: {"id"=>"5"}
  [1m[36mBook Load (0.3ms)[0m  [1m[34mSELECT  "books".* FROM "books" WHERE "books"."id" = $1 LIMIT $2[0m  [["id", 5], ["LIMIT", 1]]
  ↳ app/controllers/books_controller.rb:36
  Rendering books/edit.html.erb within layouts/application
  Rendered books/edit.html.erb within layouts/application (1.5ms)
Completed 200 OK in 40ms (Views: 22.9ms | ActiveRecord: 7.5ms)


Started GET "/books/5/edit" for 127.0.0.1 at 2019-01-28 13:46:50 -0800
Processing by BooksController#edit as HTML
  Parameters: {"id"=>"5"}
  [1m[36mBook Load (0.3ms)[0m  [1m[34mSELECT  "books".* FROM "books" WHERE "books"."id" = $1 LIMIT $2[0m  [["id", 5], ["LIMIT", 1]]
  ↳ app/controllers/books_controller.rb:36
  Rendering books/edit.html.erb within layouts/application
  Rendered books/edit.html.erb within layouts/application (0.7ms)
Completed 200 OK in 28ms (Views: 26.8ms | ActiveRecord: 0.3ms)


Started PATCH "/books/5" for 127.0.0.1 at 2019-01-28 13:46:59 -0800
Processing by BooksController#update as HTML
  Parameters: {"book"=>{"title"=>"Harry Potter 3000", "author"=>"J.K. Rowling", "year"=>"3019", "category"=>"Fiction", "description"=>"The future of Harry Potter"}, "id"=>"5"}
Can't verify CSRF token authenticity.
  [1m[36mBook Load (0.3ms)[0m  [1m[34mSELECT  "books".* FROM "books" WHERE "books"."id" = $1 LIMIT $2[0m  [["id", 5], ["LIMIT", 1]]
  ↳ app/controllers/books_controller.rb:41
  [1m[35m (0.2ms)[0m  [1m[35mBEGIN[0m
  ↳ app/controllers/books_controller.rb:43
  [1m[36mBook Update (0.5ms)[0m  [1m[33mUPDATE "books" SET "title" = $1, "updated_at" = $2 WHERE "books"."id" = $3[0m  [["title", "Harry Potter 3000"], ["updated_at", "2019-01-28 21:46:59.596321"], ["id", 5]]
  ↳ app/controllers/books_controller.rb:43
  [1m[35m (40.7ms)[0m  [1m[35mCOMMIT[0m
  ↳ app/controllers/books_controller.rb:43
Redirected to http://localhost:3000/books/5
Completed 302 Found in 45ms (ActiveRecord: 41.6ms)


Started GET "/books/5" for 127.0.0.1 at 2019-01-28 13:46:59 -0800
Processing by BooksController#show as HTML
  Parameters: {"id"=>"5"}
  [1m[36mBook Load (0.3ms)[0m  [1m[34mSELECT  "books".* FROM "books" WHERE "books"."id" = $1 LIMIT $2[0m  [["id", 5], ["LIMIT", 1]]
  ↳ app/controllers/books_controller.rb:9
  Rendering books/show.html.erb within layouts/application
  Rendered books/show.html.erb within layouts/application (0.5ms)
Completed 200 OK in 22ms (Views: 20.4ms | ActiveRecord: 0.3ms)


Started GET "/books/5" for 127.0.0.1 at 2019-01-28 13:59:07 -0800
Processing by BooksController#show as HTML
  Parameters: {"id"=>"5"}
  [1m[36mBook Load (0.7ms)[0m  [1m[34mSELECT  "books".* FROM "books" WHERE "books"."id" = $1 LIMIT $2[0m  [["id", 5], ["LIMIT", 1]]
  ↳ app/controllers/books_controller.rb:9
  Rendering books/show.html.erb within layouts/application
  Rendered books/show.html.erb within layouts/application (0.6ms)
Completed 200 OK in 46ms (Views: 21.4ms | ActiveRecord: 13.0ms)


Started GET "/books/5/edit" for 127.0.0.1 at 2019-01-28 13:59:10 -0800
Processing by BooksController#edit as HTML
  Parameters: {"id"=>"5"}
  [1m[36mBook Load (0.5ms)[0m  [1m[34mSELECT  "books".* FROM "books" WHERE "books"."id" = $1 LIMIT $2[0m  [["id", 5], ["LIMIT", 1]]
  ↳ app/controllers/books_controller.rb:37
  Rendering books/edit.html.erb within layouts/application
  Rendered books/_form.html.erb (0.7ms)
  Rendered books/edit.html.erb within layouts/application (3.9ms)
Completed 200 OK in 30ms (Views: 27.2ms | ActiveRecord: 0.5ms)


Started GET "/books/new" for 127.0.0.1 at 2019-01-28 13:59:15 -0800
Processing by BooksController#new as HTML
  Rendering books/new.html.erb within layouts/application
  Rendered books/new.html.erb within layouts/application (0.7ms)
Completed 200 OK in 24ms (Views: 22.9ms | ActiveRecord: 0.0ms)


Started GET "/books/new" for 127.0.0.1 at 2019-01-28 14:00:49 -0800
Processing by BooksController#new as HTML
  Rendering books/new.html.erb within layouts/application
  Rendered books/new.html.erb within layouts/application (0.5ms)
Completed 200 OK in 22ms (Views: 21.1ms | ActiveRecord: 0.0ms)


Started GET "/books/new" for 127.0.0.1 at 2019-01-28 14:00:50 -0800
Processing by BooksController#new as HTML
  Rendering books/new.html.erb within layouts/application
  Rendered books/new.html.erb within layouts/application (0.7ms)
Completed 200 OK in 20ms (Views: 19.7ms | ActiveRecord: 0.0ms)


Started GET "/books/new" for 127.0.0.1 at 2019-01-28 14:01:10 -0800
Processing by BooksController#new as HTML
  Rendering books/new.html.erb within layouts/application
  Rendered books/new.html.erb within layouts/application (0.6ms)
Completed 200 OK in 20ms (Views: 19.7ms | ActiveRecord: 0.0ms)


Started GET "/books/new" for 127.0.0.1 at 2019-01-28 14:01:11 -0800
Processing by BooksController#new as HTML
  Rendering books/new.html.erb within layouts/application
  Rendered books/new.html.erb within layouts/application (0.9ms)
Completed 200 OK in 23ms (Views: 22.8ms | ActiveRecord: 0.0ms)


Started GET "/books/5/edit" for 127.0.0.1 at 2019-01-28 14:01:21 -0800
Processing by BooksController#edit as HTML
  Parameters: {"id"=>"5"}
  [1m[36mBook Load (1.2ms)[0m  [1m[34mSELECT  "books".* FROM "books" WHERE "books"."id" = $1 LIMIT $2[0m  [["id", 5], ["LIMIT", 1]]
  ↳ app/controllers/books_controller.rb:37
  Rendering books/edit.html.erb within layouts/application
  Rendered books/_form.html.erb (0.8ms)
  Rendered books/edit.html.erb within layouts/application (3.6ms)
Completed 200 OK in 41ms (Views: 26.0ms | ActiveRecord: 6.0ms)


Started GET "/books" for 127.0.0.1 at 2019-01-28 14:01:25 -0800
Processing by BooksController#index as HTML
  Rendering books/index.html.erb within layouts/application
  [1m[36mBook Load (0.5ms)[0m  [1m[34mSELECT "books".* FROM "books"[0m
  ↳ app/views/books/index.html.erb:4
  Rendered books/index.html.erb within layouts/application (1.9ms)
Completed 200 OK in 24ms (Views: 23.1ms | ActiveRecord: 0.5ms)


Started GET "/books/new" for 127.0.0.1 at 2019-01-28 14:01:28 -0800
Processing by BooksController#new as HTML
  Rendering books/new.html.erb within layouts/application
  Rendered books/new.html.erb within layouts/application (0.6ms)
Completed 200 OK in 19ms (Views: 18.9ms | ActiveRecord: 0.0ms)


Started GET "/books/new" for 127.0.0.1 at 2019-01-28 19:18:32 -0800
Processing by BooksController#new as HTML
  Rendering books/new.html.erb within layouts/application
  Rendered books/_form.html.erb (0.7ms)
  Rendered books/new.html.erb within layouts/application (3.4ms)
Completed 200 OK in 25ms (Views: 25.0ms | ActiveRecord: 0.0ms)


Started GET "/books/new" for 127.0.0.1 at 2019-01-28 19:21:11 -0800
Processing by BooksController#new as HTML
  Rendering books/new.html.erb within layouts/application
  Rendered books/_form.html.erb (1.0ms)
  Rendered books/new.html.erb within layouts/application (4.4ms)
Completed 200 OK in 27ms (Views: 26.9ms | ActiveRecord: 0.0ms)


Started GET "/books" for 127.0.0.1 at 2019-01-28 19:21:13 -0800
Processing by BooksController#index as HTML
  Rendering books/index.html.erb within layouts/application
  [1m[36mBook Load (1.1ms)[0m  [1m[34mSELECT "books".* FROM "books"[0m
  ↳ app/views/books/index.html.erb:4
  Rendered books/_book.html.erb (0.6ms)
  Rendered books/_book.html.erb (0.0ms)
  Rendered books/_book.html.erb (0.0ms)
  Rendered books/_book.html.erb (0.1ms)
  Rendered books/_book.html.erb (0.1ms)
  Rendered books/index.html.erb within layouts/application (186.4ms)
Completed 200 OK in 209ms (Views: 38.9ms | ActiveRecord: 169.6ms)


Started GET "/books" for 127.0.0.1 at 2019-01-28 19:21:37 -0800
Processing by BooksController#index as HTML
  Rendering books/index.html.erb within layouts/application
  [1m[36mBook Load (0.4ms)[0m  [1m[34mSELECT "books".* FROM "books"[0m
  ↳ app/views/books/index.html.erb:4
  Rendered books/_book.html.erb (0.6ms)
  Rendered books/_book.html.erb (0.1ms)
  Rendered books/_book.html.erb (0.0ms)
  Rendered books/_book.html.erb (0.0ms)
  Rendered books/_book.html.erb (0.1ms)
  Rendered books/index.html.erb within layouts/application (15.2ms)
Completed 200 OK in 36ms (Views: 34.7ms | ActiveRecord: 0.4ms)


Started GET "/books" for 127.0.0.1 at 2019-01-28 19:22:10 -0800
Processing by BooksController#index as HTML
  Rendering books/index.html.erb within layouts/application
  [1m[36mBook Load (0.4ms)[0m  [1m[34mSELECT "books".* FROM "books"[0m
  ↳ app/views/books/index.html.erb:4
  Rendered collection of books/_book.html.erb [5 times] (0.5ms)
  Rendered books/index.html.erb within layouts/application (4.5ms)
Completed 200 OK in 28ms (Views: 26.9ms | ActiveRecord: 0.4ms)


Started GET "/books" for 127.0.0.1 at 2019-01-28 19:22:12 -0800
Processing by BooksController#index as HTML
  Rendering books/index.html.erb within layouts/application
  [1m[36mBook Load (0.4ms)[0m  [1m[34mSELECT "books".* FROM "books"[0m
  ↳ app/views/books/index.html.erb:4
  Rendered collection of books/_book.html.erb [5 times] (0.4ms)
  Rendered books/index.html.erb within layouts/application (4.6ms)
Completed 200 OK in 26ms (Views: 25.4ms | ActiveRecord: 0.4ms)


Started GET "/books" for 127.0.0.1 at 2019-01-28 19:22:13 -0800
Processing by BooksController#index as HTML
  Rendering books/index.html.erb within layouts/application
  [1m[36mBook Load (0.4ms)[0m  [1m[34mSELECT "books".* FROM "books"[0m
  ↳ app/views/books/index.html.erb:4
  Rendered collection of books/_book.html.erb [5 times] (0.4ms)
  Rendered books/index.html.erb within layouts/application (4.3ms)
Completed 200 OK in 30ms (Views: 28.7ms | ActiveRecord: 0.4ms)


Started GET "/books" for 127.0.0.1 at 2019-01-28 19:22:31 -0800
Processing by BooksController#index as HTML
  Rendering books/index.html.erb within layouts/application
  [1m[36mBook Load (0.3ms)[0m  [1m[34mSELECT "books".* FROM "books"[0m
  ↳ app/views/books/index.html.erb:4
  Rendered collection of books/_book.html.erb [5 times] (0.4ms)
  Rendered books/index.html.erb within layouts/application (3.6ms)
Completed 200 OK in 20ms (Views: 18.8ms | ActiveRecord: 0.3ms)


Started GET "/books" for 127.0.0.1 at 2019-01-28 20:22:48 -0800
Processing by BooksController#index as HTML
  Rendering books/index.html.erb within layouts/application
  [1m[36mBook Load (0.9ms)[0m  [1m[34mSELECT "books".* FROM "books"[0m
  ↳ app/views/books/index.html.erb:4
  Rendered collection of books/_book.html.erb [5 times] (0.6ms)
  Rendered books/index.html.erb within layouts/application (10.7ms)
Completed 200 OK in 34ms (Views: 28.0ms | ActiveRecord: 5.7ms)


Started GET "/routes" for 127.0.0.1 at 2019-01-29 19:51:35 -0800
  
ActionController::RoutingError (No route matches [GET] "/routes"):
  
actionpack (5.2.2) lib/action_dispatch/middleware/debug_exceptions.rb:65:in `call'
web-console (3.7.0) lib/web_console/middleware.rb:135:in `call_app'
web-console (3.7.0) lib/web_console/middleware.rb:30:in `block in call'
web-console (3.7.0) lib/web_console/middleware.rb:20:in `catch'
web-console (3.7.0) lib/web_console/middleware.rb:20:in `call'
actionpack (5.2.2) lib/action_dispatch/middleware/show_exceptions.rb:33:in `call'
railties (5.2.2) lib/rails/rack/logger.rb:38:in `call_app'
railties (5.2.2) lib/rails/rack/logger.rb:26:in `block in call'
activesupport (5.2.2) lib/active_support/tagged_logging.rb:71:in `block in tagged'
activesupport (5.2.2) lib/active_support/tagged_logging.rb:28:in `tagged'
activesupport (5.2.2) lib/active_support/tagged_logging.rb:71:in `tagged'
railties (5.2.2) lib/rails/rack/logger.rb:26:in `call'
sprockets-rails (3.2.1) lib/sprockets/rails/quiet_assets.rb:13:in `call'
actionpack (5.2.2) lib/action_dispatch/middleware/remote_ip.rb:81:in `call'
actionpack (5.2.2) lib/action_dispatch/middleware/request_id.rb:27:in `call'
rack (2.0.6) lib/rack/method_override.rb:22:in `call'
rack (2.0.6) lib/rack/runtime.rb:22:in `call'
activesupport (5.2.2) lib/active_support/cache/strategy/local_cache_middleware.rb:29:in `call'
actionpack (5.2.2) lib/action_dispatch/middleware/executor.rb:14:in `call'
actionpack (5.2.2) lib/action_dispatch/middleware/static.rb:127:in `call'
rack (2.0.6) lib/rack/sendfile.rb:111:in `call'
railties (5.2.2) lib/rails/engine.rb:524:in `call'
puma (3.12.0) lib/puma/configuration.rb:225:in `call'
puma (3.12.0) lib/puma/server.rb:658:in `handle_request'
puma (3.12.0) lib/puma/server.rb:472:in `process_client'
puma (3.12.0) lib/puma/server.rb:332:in `block in run'
puma (3.12.0) lib/puma/thread_pool.rb:133:in `block in spawn_thread'
